mktextfm Symbola
mktextfm Symbola
mktextfm Symbola
mktextfm Symbola/BI
mktextfm Symbola
mktextfm Symbola/B
mktextfm Symbola
mktextfm Symbola/I
mktextfm Symbola
mktextfm Symbola
mktextfm Symbola
mktextfm Symbola
mktextfm Symbola
mktextfm Symbola
mktextfm Symbola/BI
mktextfm Symbola
mktextfm Symbola/B
mktextfm Symbola
mktextfm Symbola/I
mktextfm Symbola
mktextfm Symbola
mktextfm Symbola
mktextfm Car
mktextfm Car
mktextfm Car
mktextfm Car/BI
mktextfm Car
mktextfm Car/B
mktextfm Car
mktextfm Car/I
mktextfm Car
mktextfm Car
mktextfm Car
mktextfm Carlito
mktextfm Carlito
mktextfm Carlito
mktextfm Carlito/BI
mktextfm Carlito
mktextfm Carlito/B
mktextfm Carlito
mktextfm Carlito/I
mktextfm Carlito
mktextfm Carlito
mktextfm Carlito
mktextfm Carlito
mktextfm Carlito
mktextfm Carlito
mktextfm Carlito/BI
mktextfm Carlito
mktextfm Carlito/B
mktextfm Carlito
mktextfm Carlito/I
mktextfm Carlito
mktextfm Carlito
mktextfm Carlito
mktextfm Carlito
mktextfm Carlito
mktextfm Carlito
mktextfm Carlito/BI
mktextfm Carlito
mktextfm Carlito/B
mktextfm Carlito
mktextfm Carlito/I
mktextfm Carlito
mktextfm Carlito
mktextfm Carlito
mktextfm carlito
mktextfm carlito
mktextfm carlito
mktextfm carlito/BI
mktextfm carlito
mktextfm carlito/B
mktextfm carlito
mktextfm carlito/I
mktextfm carlito
mktextfm carlito
mktextfm carlito
